<?xml version="1.0" encoding="UTF-8"?>
<testsuite xmlns:xsi="http://www.w3.org/2001/XMLSchema-instance" xsi:noNamespaceSchemaLocation="https://maven.apache.org/surefire/maven-surefire-plugin/xsd/surefire-test-report.xsd" version="3.0.2" name="com.example.Springdemo.SpringdemoApplicationTests" time="4.38" tests="1" errors="0" skipped="0" failures="0">
  <properties>
[...]
</properties>
  <testcase name="contextLoads" classname="com.example.Springdemo.SpringdemoApplicationTests" time="0.9">
    <system-out><![CDATA[14:38:45.839 [main] INFO org.springframework.test.context.support.AnnotationConfigContextLoaderUtils -- Could not detect default configuration classes for test class [com.example.Springdemo.SpringdemoApplicationTests]: SpringdemoApplicationTests does not declare any static, non-private, non-final, nested classes annotated with @Configuration.
14:38:45.997 [main] INFO org.springframework.boot.test.context.SpringBootTestContextBootstrapper -- Found @SpringBootConfiguration com.example.Springdemo.SpringdemoApplication for test class com.example.Springdemo.SpringdemoApplicationTests
14:38:46.211 [main] INFO org.springframework.boot.devtools.restart.RestartApplicationListener -- Restart disabled due to context in which it is running

  .   ____          _            __ _ _
 /\\ / ___'_ __ _ _(_)_ __  __ _ \ \ \ \
( ( )\___ | '_ | '_| | '_ \/ _` | \ \ \ \
 \\/  ___)| |_)| | | | | || (_| |  ) ) ) )
  '  |____| .__|_| |_|_| |_\__, | / / / /
 =========|_|==============|___/=/_/_/_/

 :: Spring Boot ::                (v3.4.2)

2025-01-28T14:38:46.558+02:00  INFO 2148 --- [Springdemo] [           main] c.e.S.SpringdemoApplicationTests         : Starting SpringdemoApplicationTests using Java 17.0.12 with PID 2148 (started by borhane.alhinnawi in C:\Users\borhane.alhinnawi\Desktop\Springdemo)
2025-01-28T14:38:46.560+02:00  INFO 2148 --- [Springdemo] [           main] c.e.S.SpringdemoApplicationTests         : No active profile set, falling back to 1 default profile: "default"
2025-01-28T14:38:48.756+02:00  WARN 2148 --- [Springdemo] [           main] .s.s.UserDetailsServiceAutoConfiguration : 

Using generated security password: 5a3bbeaa-f5b1-42a5-98b9-766fca168843

This generated password is for development use only. Your security configuration must be updated before running your application in production.

2025-01-28T14:38:48.784+02:00  INFO 2148 --- [Springdemo] [           main] r$InitializeUserDetailsManagerConfigurer : Global AuthenticationManager configured with UserDetailsService bean with name inMemoryUserDetailsManager
2025-01-28T14:38:48.926+02:00  INFO 2148 --- [Springdemo] [           main] o.s.b.a.e.web.EndpointLinksResolver      : Exposing 12 endpoints beneath base path '/actuator'
2025-01-28T14:38:49.042+02:00  INFO 2148 --- [Springdemo] [           main] c.e.S.SpringdemoApplicationTests         : Started SpringdemoApplicationTests in 2.845 seconds (process running for 3.94)
]]></system-out>
  </testcase>
</testsuite>